<?xml version="1.0" encoding="UTF-8"?>
<!-- Generated by org.testng.reporters.JUnitReportReporter -->
<testsuite hostname="Reka" failures="0" tests="9" name="testRunner.TestNgRunner" time="54.182" errors="0" timestamp="2025-02-20T13:17:33 CST" skipped="0">
  <testcase classname="testRunner.TestNgRunner" name="runScenario" time="4.976"/>
  <testcase classname="testRunner.TestNgRunner" name="runScenario" time="7.654"/>
  <testcase classname="testRunner.TestNgRunner" name="runScenario" time="5.428"/>
  <testcase classname="testRunner.TestNgRunner" name="runScenario" time="5.428"/>
  <testcase classname="testRunner.TestNgRunner" name="runScenario" time="7.654"/>
  <testcase classname="testRunner.TestNgRunner" name="runScenario" time="5.008"/>
  <testcase classname="testRunner.TestNgRunner" name="runScenario" time="5.493"/>
  <testcase classname="testRunner.TestNgRunner" name="runScenario" time="4.898"/>
  <testcase classname="testRunner.TestNgRunner" name="runScenario" time="7.643"/>
</testsuite> <!-- testRunner.TestNgRunner -->
